A:77 F:D0 B:01 C:00 D:D0 E:00 H:C7 L:B1 SP:DFFD PC:C093 PCMEM:7D,EA,02,D8
A:B1 F:D0 B:01 C:00 D:D0 E:00 H:C7 L:B1 SP:DFFD PC:C094 PCMEM:EA,02,D8,7C
A:B1 F:D0 B:01 C:00 D:D0 E:00 H:C7 L:B1 SP:DFFD PC:C097 PCMEM:7C,EA,03,D8
A:C7 F:D0 B:01 C:00 D:D0 E:00 H:C7 L:B1 SP:DFFD PC:C098 PCMEM:EA,03,D8,18
A:C7 F:D0 B:01 C:00 D:D0 E:00 H:C7 L:B1 SP:DFFD PC:C09B PCMEM:18,04,3E,C9
A:C7 F:D0 B:01 C:00 D:D0 E:00 H:C7 L:B1 SP:DFFD PC:C0A1 PCMEM:3E,C3,EA,01
A:C3 F:D0 B:01 C:00 D:D0 E:00 H:C7 L:B1 SP:DFFD PC:C0A3 PCMEM:EA,01,D8,C9
A:C3 F:D0 B:01 C:00 D:D0 E:00 H:C7 L:B1 SP:DFFD PC:C0A6 PCMEM:C9,F5,FE,0A
A:C3 F:D0 B:01 C:00 D:D0 E:00 H:C7 L:B1 SP:DFFF PC:C24B PCMEM:C1,CD,9B,C7
A:C3 F:D0 B:00 C:00 D:D0 E:00 H:C7 L:B1 SP:E001 PC:C24C PCMEM:CD,9B,C7,CD
A:C3 F:D0 B:00 C:00 D:D0 E:00 H:C7 L:B1 SP:DFFF PC:C79B PCMEM:CD,6D,C3,E5
A:C3 F:D0 B:00 C:00 D:D0 E:00 H:C7 L:B1 SP:DFFD PC:C36D PCMEM:CD,10,C4,FA
A:C3 F:D0 B:00 C:00 D:D0 E:00 H:C7 L:B1 SP:DFFB PC:C410 PCMEM:F5,CD,5C,C3
A:C3 F:D0 B:00 C:00 D:D0 E:00 H:C7 L:B1 SP:DFF9 PC:C411 PCMEM:CD,5C,C3,3E
A:C3 F:D0 B:00 C:00 D:D0 E:00 H:C7 L:B1 SP:DFF7 PC:C35C PCMEM:C5,01,1E,FB
A:C3 F:D0 B:00 C:00 D:D0 E:00 H:C7 L:B1 SP:DFF5 PC:C35D PCMEM:01,1E,FB,03
A:C3 F:D0 B:FB C:1E D:D0 E:00 H:C7 L:B1 SP:DFF5 PC:C35F PCMEM:FB,03,78,B1
A:C3 F:D0 B:FB C:1E D:D0 E:00 H:C7 L:B1 SP:DFF5 PC:C360 PCMEM:03,78,B1,28
A:C3 F:D0 B:FB C:1F D:D0 E:00 H:C7 L:B1 SP:DFF5 PC:C361 PCMEM:78,B1,28,06
A:FB F:D0 B:FB C:1F D:D0 E:00 H:C7 L:B1 SP:DFF5 PC:C362 PCMEM:B1,28,06,F0
A:FF F:00 B:FB C:1F D:D0 E:00 H:C7 L:B1 SP:DFF5 PC:C363 PCMEM:28,06,F0,44
A:FF F:00 B:FB C:1F D:D0 E:00 H:C7 L:B1 SP:DFF5 PC:C365 PCMEM:F0,44,FE,90
A:90 F:00 B:FB C:1F D:D0 E:00 H:C7 L:B1 SP:DFF5 PC:C367 PCMEM:FE,90,20,F5
A:90 F:C0 B:FB C:1F D:D0 E:00 H:C7 L:B1 SP:DFF5 PC:C369 PCMEM:20,F5,C1,C9
A:90 F:C0 B:FB C:1F D:D0 E:00 H:C7 L:B1 SP:DFF5 PC:C36B PCMEM:C1,C9,CD,10
A:90 F:C0 B:00 C:00 D:D0 E:00 H:C7 L:B1 SP:DFF7 PC:C36C PCMEM:C9,CD,10,C4
A:90 F:C0 B:00 C:00 D:D0 E:00 H:C7 L:B1 SP:DFF9 PC:C416 PCMEM:E0,40,F1,C9
A:90 F:C0 B:00 C:00 D:D0 E:00 H:C7 L:B1 SP:DFF9 PC:C418 PCMEM:F1,C9,AF,18
A:C3 F:D0 B:00 C:00 D:D0 E:00 H:C7 L:B1 SP:DFFB PC:C419 PCMEM:C9,AF,18,02
A:C3 F:D0 B:00 C:00 D:D0 E:00 H:C7 L:B1 SP:DFFD PC:C372 PCMEM:D8,E6,10,C4
A:C3 F:D0 B:00 C:00 D:D0 E:00 H:C7 L:B1 SP:DFFF PC:C7A0 PCMEM:C2,C0,30,31
A:C3 F:D0 B:00 C:00 D:D0 E:00 H:C7 L:B1 SP:DFFF PC:C7A3 PCMEM:31,2D,73,70
A:C3 F:D0 B:00 C:00 D:D0 E:00 H:C7 L:B1 SP:732D PC:C7A6 PCMEM:70,65,63,69
A:C3 F:D0 B:00 C:00 D:D0 E:00 H:C7 L:B1 SP:732D PC:C7A7 PCMEM:65,63,69,61
A:C3 F:D0 B:00 C:00 D:D0 E:00 H:B1 L:B1 SP:732D PC:C7A8 PCMEM:63,69,61,6C
A:C3 F:D0 B:00 C:00 D:D0 E:00 H:00 L:B1 SP:732D PC:C7A9 PCMEM:69,61,6C,0A
A:C3 F:D0 B:00 C:00 D:D0 E:00 H:00 L:00 SP:732D PC:C7AA PCMEM:61,6C,0A,0A
A:C3 F:D0 B:00 C:00 D:D0 E:00 H:00 L:00 SP:732D PC:C7AB PCMEM:6C,0A,0A,00
A:C3 F:D0 B:00 C:00 D:D0 E:00 H:00 L:00 SP:732D PC:C7AC PCMEM:0A,0A,00,E1
A:00 F:D0 B:00 C:00 D:D0 E:00 H:00 L:00 SP:732D PC:C7AD PCMEM:0A,00,E1,C9
A:00 F:D0 B:00 C:00 D:D0 E:00 H:00 L:00 SP:732D PC:C7AE PCMEM:00,E1,C9,00
A:00 F:D0 B:00 C:00 D:D0 E:00 H:00 L:00 SP:732D PC:C7AF PCMEM:E1,C9,00,E0
A:00 F:D0 B:00 C:00 D:D0 E:00 H:00 L:00 SP:732F PC:C7B0 PCMEM:C9,00,E0,01
A:00 F:D0 B:00 C:00 D:D0 E:00 H:00 L:00 SP:7331 PC:0000 PCMEM:00,00,00,00
A:00 F:D0 B:00 C:00 D:D0 E:00 H:00 L:00 SP:7331 PC:0001 PCMEM:00,00,00,00
A:00 F:D0 B:00 C:00 D:D0 E:00 H:00 L:00 SP:7331 PC:0002 PCMEM:00,00,00,00
A:00 F:D0 B:00 C:00 D:D0 E:00 H:00 L:00 SP:7331 PC:0003 PCMEM:00,00,00,00
A:00 F:D0 B:00 C:00 D:D0 E:00 H:00 L:00 SP:7331 PC:0004 PCMEM:00,00,00,00
A:00 F:D0 B:00 C:00 D:D0 E:00 H:00 L:00 SP:7331 PC:0005 PCMEM:00,00,00,00
A:00 F:D0 B:00 C:00 D:D0 E:00 H:00 L:00 SP:7331 PC:0006 PCMEM:00,00,00,00
A:00 F:D0 B:00 C:00 D:D0 E:00 H:00 L:00 SP:7331 PC:0007 PCMEM:00,00,00,00
A:00 F:D0 B:00 C:00 D:D0 E:00 H:00 L:00 SP:7331 PC:0008 PCMEM:00,00,00,00
A:00 F:D0 B:00 C:00 D:D0 E:00 H:00 L:00 SP:7331 PC:0009 PCMEM:00,00,00,00
A:00 F:D0 B:00 C:00 D:D0 E:00 H:00 L:00 SP:7331 PC:000A PCMEM:00,00,00,00
A:00 F:D0 B:00 C:00 D:D0 E:00 H:00 L:00 SP:7331 PC:000B PCMEM:00,00,00,00
A:00 F:D0 B:00 C:00 D:D0 E:00 H:00 L:00 SP:7331 PC:000C PCMEM:00,00,00,00
A:00 F:D0 B:00 C:00 D:D0 E:00 H:00 L:00 SP:7331 PC:000D PCMEM:00,00,00,00
A:00 F:D0 B:00 C:00 D:D0 E:00 H:00 L:00 SP:7331 PC:000E PCMEM:00,00,00,00
A:00 F:D0 B:00 C:00 D:D0 E:00 H:00 L:00 SP:7331 PC:000F PCMEM:00,00,00,00
A:00 F:D0 B:00 C:00 D:D0 E:00 H:00 L:00 SP:7331 PC:0010 PCMEM:00,00,00,00
A:00 F:D0 B:00 C:00 D:D0 E:00 H:00 L:00 SP:7331 PC:0011 PCMEM:00,00,00,00
A:00 F:D0 B:00 C:00 D:D0 E:00 H:00 L:00 SP:7331 PC:0012 PCMEM:00,00,00,00
A:00 F:D0 B:00 C:00 D:D0 E:00 H:00 L:00 SP:7331 PC:0013 PCMEM:00,00,00,00
A:00 F:D0 B:00 C:00 D:D0 E:00 H:00 L:00 SP:7331 PC:0014 PCMEM:00,00,00,00
A:00 F:D0 B:00 C:00 D:D0 E:00 H:00 L:00 SP:7331 PC:0015 PCMEM:00,00,00,00
A:00 F:D0 B:00 C:00 D:D0 E:00 H:00 L:00 SP:7331 PC:0016 PCMEM:00,00,00,00
A:00 F:D0 B:00 C:00 D:D0 E:00 H:00 L:00 SP:7331 PC:0017 PCMEM:00,00,00,00
A:00 F:D0 B:00 C:00 D:D0 E:00 H:00 L:00 SP:7331 PC:0018 PCMEM:00,00,00,00
A:00 F:D0 B:00 C:00 D:D0 E:00 H:00 L:00 SP:7331 PC:0019 PCMEM:00,00,00,00
A:00 F:D0 B:00 C:00 D:D0 E:00 H:00 L:00 SP:7331 PC:001A PCMEM:00,00,00,00
A:00 F:D0 B:00 C:00 D:D0 E:00 H:00 L:00 SP:7331 PC:001B PCMEM:00,00,00,00
A:00 F:D0 B:00 C:00 D:D0 E:00 H:00 L:00 SP:7331 PC:001C PCMEM:00,00,00,00
A:00 F:D0 B:00 C:00 D:D0 E:00 H:00 L:00 SP:7331 PC:001D PCMEM:00,00,00,00
A:00 F:D0 B:00 C:00 D:D0 E:00 H:00 L:00 SP:7331 PC:001E PCMEM:00,00,00,00
A:00 F:D0 B:00 C:00 D:D0 E:00 H:00 L:00 SP:7331 PC:001F PCMEM:00,00,00,00
A:00 F:D0 B:00 C:00 D:D0 E:00 H:00 L:00 SP:7331 PC:0020 PCMEM:00,00,00,00
A:00 F:D0 B:00 C:00 D:D0 E:00 H:00 L:00 SP:7331 PC:0021 PCMEM:00,00,00,00
A:00 F:D0 B:00 C:00 D:D0 E:00 H:00 L:00 SP:7331 PC:0022 PCMEM:00,00,00,00
A:00 F:D0 B:00 C:00 D:D0 E:00 H:00 L:00 SP:7331 PC:0023 PCMEM:00,00,00,00
A:00 F:D0 B:00 C:00 D:D0 E:00 H:00 L:00 SP:7331 PC:0024 PCMEM:00,00,00,00
A:00 F:D0 B:00 C:00 D:D0 E:00 H:00 L:00 SP:7331 PC:0025 PCMEM:00,00,00,00
A:00 F:D0 B:00 C:00 D:D0 E:00 H:00 L:00 SP:7331 PC:0026 PCMEM:00,00,00,00
A:00 F:D0 B:00 C:00 D:D0 E:00 H:00 L:00 SP:7331 PC:0027 PCMEM:00,00,00,00
A:00 F:D0 B:00 C:00 D:D0 E:00 H:00 L:00 SP:7331 PC:0028 PCMEM:00,00,00,00
A:00 F:D0 B:00 C:00 D:D0 E:00 H:00 L:00 SP:7331 PC:0029 PCMEM:00,00,00,00
A:00 F:D0 B:00 C:00 D:D0 E:00 H:00 L:00 SP:7331 PC:002A PCMEM:00,00,00,00
A:00 F:D0 B:00 C:00 D:D0 E:00 H:00 L:00 SP:7331 PC:002B PCMEM:00,00,00,00
A:00 F:D0 B:00 C:00 D:D0 E:00 H:00 L:00 SP:7331 PC:002C PCMEM:00,00,00,00
A:00 F:D0 B:00 C:00 D:D0 E:00 H:00 L:00 SP:7331 PC:002D PCMEM:00,00,00,00
A:00 F:D0 B:00 C:00 D:D0 E:00 H:00 L:00 SP:7331 PC:002E PCMEM:00,00,00,00
A:00 F:D0 B:00 C:00 D:D0 E:00 H:00 L:00 SP:7331 PC:002F PCMEM:00,00,00,00
A:00 F:D0 B:00 C:00 D:D0 E:00 H:00 L:00 SP:7331 PC:0030 PCMEM:00,00,00,00
A:00 F:D0 B:00 C:00 D:D0 E:00 H:00 L:00 SP:7331 PC:0031 PCMEM:00,00,00,00
A:00 F:D0 B:00 C:00 D:D0 E:00 H:00 L:00 SP:7331 PC:0032 PCMEM:00,00,00,00
A:00 F:D0 B:00 C:00 D:D0 E:00 H:00 L:00 SP:7331 PC:0033 PCMEM:00,00,00,00
A:00 F:D0 B:00 C:00 D:D0 E:00 H:00 L:00 SP:7331 PC:0034 PCMEM:00,00,00,00
A:00 F:D0 B:00 C:00 D:D0 E:00 H:00 L:00 SP:7331 PC:0035 PCMEM:00,00,00,00
A:00 F:D0 B:00 C:00 D:D0 E:00 H:00 L:00 SP:7331 PC:0036 PCMEM:00,00,00,00
A:00 F:D0 B:00 C:00 D:D0 E:00 H:00 L:00 SP:7331 PC:0037 PCMEM:00,00,00,00
A:00 F:D0 B:00 C:00 D:D0 E:00 H:00 L:00 SP:7331 PC:0038 PCMEM:00,00,00,00
